<?xml version="1.0" encoding="UTF-8"?>
<testsuite name="com.bridgelabz.FindMaxGenericsTest" tests="3" skipped="0" failures="0" errors="0" timestamp="2020-12-28T14:55:14" hostname="ASHWINI" time="0.004">
  <properties/>
  <testcase name="givenSecondNumberAsMaximum_ShouldReturnSecondNumberAsMaximum" classname="com.bridgelabz.FindMaxGenericsTest" time="0.003"/>
  <testcase name="givenThirdNumberAsMaximum_ShouldReturnThirdNumberAsMaximum" classname="com.bridgelabz.FindMaxGenericsTest" time="0.0"/>
  <testcase name="givenFirstNumberAsLarge_ShouldReturn_FirstNumberAsMax" classname="com.bridgelabz.FindMaxGenericsTest" time="0.0"/>
  <system-out><![CDATA[]]></system-out>
  <system-err><![CDATA[]]></system-err>
</testsuite>
